server start
server start
/home/s1280226/final_ex/twitter.js:18
			} else if (row.username === user.username) {
			               ^

TypeError: Cannot read property 'username' of undefined
    at Statement.db.get (/home/s1280226/final_ex/twitter.js:18:19)
server start
/home/s1280226/final_ex/twitter.js:18
			} else if (row.username == user.username) {
			               ^

TypeError: Cannot read property 'username' of undefined
    at Statement.db.get (/home/s1280226/final_ex/twitter.js:18:19)
server start
{ [Error: SQLITE_CONSTRAINT: UNIQUE constraint failed: users.username] errno: 19, code: 'SQLITE_CONSTRAINT' }
_http_outgoing.js:470
    throw new ERR_HTTP_HEADERS_SENT('set');
          ^

Error [ERR_HTTP_HEADERS_SENT]: Cannot set headers after they are sent to the client
    at ServerResponse.setHeader (_http_outgoing.js:470:11)
    at ServerResponse.header (/home/s1280226/final_ex/node_modules/express/lib/response.js:776:10)
    at ServerResponse.json (/home/s1280226/final_ex/node_modules/express/lib/response.js:264:10)
    at Statement.db.run (/home/s1280226/final_ex/twitter.js:27:9)
server start
{ [Error: SQLITE_CONSTRAINT: UNIQUE constraint failed: users.username] errno: 19, code: 'SQLITE_CONSTRAINT' }
_http_outgoing.js:470
    throw new ERR_HTTP_HEADERS_SENT('set');
          ^

Error [ERR_HTTP_HEADERS_SENT]: Cannot set headers after they are sent to the client
    at ServerResponse.setHeader (_http_outgoing.js:470:11)
    at ServerResponse.header (/home/s1280226/final_ex/node_modules/express/lib/response.js:776:10)
    at ServerResponse.json (/home/s1280226/final_ex/node_modules/express/lib/response.js:264:10)
    at Statement.db.run (/home/s1280226/final_ex/twitter.js:27:9)
server start
ReferenceError: user is not defined
    at Database.db.serialize (/home/s1280226/final_ex/twitter.js:111:77)
    at app.post (/home/s1280226/final_ex/twitter.js:109:5)
    at Layer.handle [as handle_request] (/home/s1280226/final_ex/node_modules/express/lib/router/layer.js:95:5)
    at next (/home/s1280226/final_ex/node_modules/express/lib/router/route.js:137:13)
    at Route.dispatch (/home/s1280226/final_ex/node_modules/express/lib/router/route.js:112:3)
    at Layer.handle [as handle_request] (/home/s1280226/final_ex/node_modules/express/lib/router/layer.js:95:5)
    at /home/s1280226/final_ex/node_modules/express/lib/router/index.js:281:22
    at Function.process_params (/home/s1280226/final_ex/node_modules/express/lib/router/index.js:341:12)
    at next (/home/s1280226/final_ex/node_modules/express/lib/router/index.js:275:10)
    at /home/s1280226/final_ex/node_modules/body-parser/lib/read.js:130:5
server start
server start
{ [Error: SQLITE_ERROR: ambiguous column name: id] errno: 1, code: 'SQLITE_ERROR' }
server start
{ [Error: SQLITE_ERROR: ambiguous column name: id] errno: 1, code: 'SQLITE_ERROR' }
events.js:174
      throw er; // Unhandled 'error' event
      ^

Error: listen EADDRINUSE: address already in use :::3000
    at Server.setupListenHandle [as _listen2] (net.js:1280:14)
    at listenInCluster (net.js:1328:12)
    at Server.listen (net.js:1415:7)
    at Function.listen (/home/s1280226/final_ex/node_modules/express/lib/application.js:618:24)
    at Object.<anonymous> (/home/s1280226/final_ex/twitter.js:198:5)
    at Module._compile (internal/modules/cjs/loader.js:778:30)
    at Object.Module._extensions..js (internal/modules/cjs/loader.js:789:10)
    at Module.load (internal/modules/cjs/loader.js:653:32)
    at tryModuleLoad (internal/modules/cjs/loader.js:593:12)
    at Function.Module._load (internal/modules/cjs/loader.js:585:3)
Emitted 'error' event at:
    at emitErrorNT (net.js:1307:8)
    at process._tickCallback (internal/process/next_tick.js:63:19)
    at Function.Module.runMain (internal/modules/cjs/loader.js:834:11)
    at startup (internal/bootstrap/node.js:283:19)
    at bootstrapNodeJSCore (internal/bootstrap/node.js:623:3)
server start
{ [Error: SQLITE_ERROR: ambiguous column name: id] errno: 1, code: 'SQLITE_ERROR' }
server start
server start
